<?xml version="1.0" encoding="UTF-8"?>
<!-- Generated by org.testng.reporters.JUnitReportReporter -->
<testsuite skipped="0" hostname="NDTSB06" name="testCases.Test1" tests="1" failures="0" timestamp="02 Feb 2018 10:15:35 GMT" time="12.468" errors="0">
  <testcase name="test1" time="12.468" classname="testCases.Test1"/>
</testsuite> <!-- testCases.Test1 -->
