<?xml version="1.0" encoding="UTF-8"?>
<!-- Generated by org.testng.reporters.JUnitReportReporter -->
<testsuite skipped="0" hostname="NDTSB06" name="testCases.TestCases" tests="1" failures="0" timestamp="24 Jan 2018 06:03:59 GMT" time="30.833" errors="0">
  <testcase name="test1" time="30.833" classname="testCases.TestCases"/>
</testsuite> <!-- testCases.TestCases -->
